{"C:\\Users\\samsf\\Documents\\pasapasfrance\\backend\\src\\app.js": {"path":"C:\\Users\\samsf\\Documents\\pasapasfrance\\backend\\src\\app.js","statementMap":{"0":{"start":{"line":1,"column":16},"end":{"line":1,"column":34}},"1":{"start":{"line":2,"column":16},"end":{"line":2,"column":31}},"2":{"start":{"line":3,"column":16},"end":{"line":3,"column":33}},"3":{"start":{"line":4,"column":16},"end":{"line":4,"column":31}},"4":{"start":{"line":5,"column":16},"end":{"line":5,"column":35}},"5":{"start":{"line":7,"column":12},"end":{"line":7,"column":21}},"6":{"start":{"line":9,"column":0},"end":{"line":9,"column":17}},"7":{"start":{"line":10,"column":0},"end":{"line":10,"column":58}},"8":{"start":{"line":11,"column":0},"end":{"line":11,"column":23}},"9":{"start":{"line":12,"column":0},"end":{"line":12,"column":47}},"10":{"start":{"line":13,"column":0},"end":{"line":13,"column":71}},"11":{"start":{"line":14,"column":0},"end":{"line":14,"column":23}},"12":{"start":{"line":16,"column":0},"end":{"line":16,"column":20}}},"fnMap":{},"branchMap":{"0":{"loc":{"start":{"line":10,"column":23},"end":{"line":10,"column":54}},"type":"binary-expr","locations":[{"start":{"line":10,"column":23},"end":{"line":10,"column":47}},{"start":{"line":10,"column":51},"end":{"line":10,"column":54}}],"line":10}},"s":{"0":4,"1":4,"2":4,"3":4,"4":4,"5":4,"6":4,"7":4,"8":4,"9":4,"10":4,"11":4,"12":4},"f":{},"b":{"0":[4,0]},"_coverageSchema":"1a1c01bbd47fc00a2c39e90264f33305004495a9","hash":"7a8040fc03f67ab5ed5d755bb32071d5db51734d"}
,"C:\\Users\\samsf\\Documents\\pasapasfrance\\backend\\src\\controllers\\admin.controller.js": {"path":"C:\\Users\\samsf\\Documents\\pasapasfrance\\backend\\src\\controllers\\admin.controller.js","statementMap":{"0":{"start":{"line":1,"column":19},"end":{"line":1,"column":45}},"1":{"start":{"line":4,"column":17},"end":{"line":21,"column":1}},"2":{"start":{"line":5,"column":2},"end":{"line":20,"column":3}},"3":{"start":{"line":6,"column":81},"end":{"line":16,"column":6}},"4":{"start":{"line":17,"column":4},"end":{"line":17,"column":84}},"5":{"start":{"line":19,"column":4},"end":{"line":19,"column":54}},"6":{"start":{"line":24,"column":17},"end":{"line":34,"column":1}},"7":{"start":{"line":25,"column":2},"end":{"line":33,"column":3}},"8":{"start":{"line":26,"column":18},"end":{"line":29,"column":6}},"9":{"start":{"line":30,"column":4},"end":{"line":30,"column":19}},"10":{"start":{"line":32,"column":4},"end":{"line":32,"column":54}},"11":{"start":{"line":37,"column":19},"end":{"line":45,"column":1}},"12":{"start":{"line":38,"column":2},"end":{"line":44,"column":3}},"13":{"start":{"line":39,"column":19},"end":{"line":39,"column":29}},"14":{"start":{"line":40,"column":4},"end":{"line":40,"column":61}},"15":{"start":{"line":41,"column":4},"end":{"line":41,"column":31}},"16":{"start":{"line":43,"column":4},"end":{"line":43,"column":69}},"17":{"start":{"line":48,"column":17},"end":{"line":57,"column":1}},"18":{"start":{"line":49,"column":2},"end":{"line":56,"column":3}},"19":{"start":{"line":50,"column":18},"end":{"line":52,"column":6}},"20":{"start":{"line":53,"column":4},"end":{"line":53,"column":19}},"21":{"start":{"line":55,"column":4},"end":{"line":55,"column":54}},"22":{"start":{"line":60,"column":19},"end":{"line":70,"column":1}},"23":{"start":{"line":61,"column":2},"end":{"line":69,"column":3}},"24":{"start":{"line":62,"column":77},"end":{"line":62,"column":85}},"25":{"start":{"line":63,"column":17},"end":{"line":65,"column":6}},"26":{"start":{"line":66,"column":4},"end":{"line":66,"column":30}},"27":{"start":{"line":68,"column":4},"end":{"line":68,"column":66}},"28":{"start":{"line":73,"column":19},"end":{"line":85,"column":1}},"29":{"start":{"line":74,"column":2},"end":{"line":84,"column":3}},"30":{"start":{"line":75,"column":19},"end":{"line":75,"column":29}},"31":{"start":{"line":76,"column":77},"end":{"line":76,"column":85}},"32":{"start":{"line":77,"column":17},"end":{"line":80,"column":6}},"33":{"start":{"line":81,"column":4},"end":{"line":81,"column":18}},"34":{"start":{"line":83,"column":4},"end":{"line":83,"column":69}},"35":{"start":{"line":88,"column":19},"end":{"line":96,"column":1}},"36":{"start":{"line":89,"column":2},"end":{"line":95,"column":3}},"37":{"start":{"line":90,"column":19},"end":{"line":90,"column":29}},"38":{"start":{"line":91,"column":4},"end":{"line":91,"column":61}},"39":{"start":{"line":92,"column":4},"end":{"line":92,"column":31}},"40":{"start":{"line":94,"column":4},"end":{"line":94,"column":69}},"41":{"start":{"line":98,"column":0},"end":{"line":98,"column":97}}},"fnMap":{"0":{"name":"(anonymous_0)","decl":{"start":{"line":4,"column":17},"end":{"line":4,"column":18}},"loc":{"start":{"line":4,"column":37},"end":{"line":21,"column":1}},"line":4},"1":{"name":"(anonymous_1)","decl":{"start":{"line":24,"column":17},"end":{"line":24,"column":18}},"loc":{"start":{"line":24,"column":37},"end":{"line":34,"column":1}},"line":24},"2":{"name":"(anonymous_2)","decl":{"start":{"line":37,"column":19},"end":{"line":37,"column":20}},"loc":{"start":{"line":37,"column":39},"end":{"line":45,"column":1}},"line":37},"3":{"name":"(anonymous_3)","decl":{"start":{"line":48,"column":17},"end":{"line":48,"column":18}},"loc":{"start":{"line":48,"column":37},"end":{"line":57,"column":1}},"line":48},"4":{"name":"(anonymous_4)","decl":{"start":{"line":60,"column":19},"end":{"line":60,"column":20}},"loc":{"start":{"line":60,"column":39},"end":{"line":70,"column":1}},"line":60},"5":{"name":"(anonymous_5)","decl":{"start":{"line":73,"column":19},"end":{"line":73,"column":20}},"loc":{"start":{"line":73,"column":39},"end":{"line":85,"column":1}},"line":73},"6":{"name":"(anonymous_6)","decl":{"start":{"line":88,"column":19},"end":{"line":88,"column":20}},"loc":{"start":{"line":88,"column":39},"end":{"line":96,"column":1}},"line":88}},"branchMap":{},"s":{"0":4,"1":4,"2":0,"3":0,"4":0,"5":0,"6":4,"7":0,"8":0,"9":0,"10":0,"11":4,"12":0,"13":0,"14":0,"15":0,"16":0,"17":4,"18":0,"19":0,"20":0,"21":0,"22":4,"23":0,"24":0,"25":0,"26":0,"27":0,"28":4,"29":0,"30":0,"31":0,"32":0,"33":0,"34":0,"35":4,"36":0,"37":0,"38":0,"39":0,"40":0,"41":4},"f":{"0":0,"1":0,"2":0,"3":0,"4":0,"5":0,"6":0},"b":{},"_coverageSchema":"1a1c01bbd47fc00a2c39e90264f33305004495a9","hash":"a3007763bad6d3c23092c358e5e075b576042a4c"}
,"C:\\Users\\samsf\\Documents\\pasapasfrance\\backend\\src\\controllers\\auth.controller.js": {"path":"C:\\Users\\samsf\\Documents\\pasapasfrance\\backend\\src\\controllers\\auth.controller.js","statementMap":{"0":{"start":{"line":1,"column":16},"end":{"line":1,"column":35}},"1":{"start":{"line":2,"column":16},"end":{"line":2,"column":39}},"2":{"start":{"line":3,"column":16},"end":{"line":3,"column":30}},"3":{"start":{"line":4,"column":16},"end":{"line":4,"column":42}},"4":{"start":{"line":6,"column":23},"end":{"line":11,"column":2}},"5":{"start":{"line":13,"column":20},"end":{"line":16,"column":2}},"6":{"start":{"line":18,"column":23},"end":{"line":30,"column":1}},"7":{"start":{"line":19,"column":22},"end":{"line":23,"column":3}},"8":{"start":{"line":24,"column":23},"end":{"line":28,"column":3}},"9":{"start":{"line":29,"column":2},"end":{"line":29,"column":38}},"10":{"start":{"line":33,"column":17},"end":{"line":67,"column":1}},"11":{"start":{"line":34,"column":2},"end":{"line":66,"column":3}},"12":{"start":{"line":35,"column":17},"end":{"line":35,"column":47}},"13":{"start":{"line":37,"column":21},"end":{"line":37,"column":83}},"14":{"start":{"line":38,"column":4},"end":{"line":40,"column":5}},"15":{"start":{"line":39,"column":6},"end":{"line":39,"column":75}},"16":{"start":{"line":42,"column":27},"end":{"line":42,"column":63}},"17":{"start":{"line":44,"column":17},"end":{"line":56,"column":6}},"18":{"start":{"line":58,"column":19},"end":{"line":58,"column":42}},"19":{"start":{"line":59,"column":4},"end":{"line":59,"column":45}},"20":{"start":{"line":61,"column":4},"end":{"line":63,"column":5}},"21":{"start":{"line":62,"column":6},"end":{"line":62,"column":67}},"22":{"start":{"line":64,"column":4},"end":{"line":64,"column":22}},"23":{"start":{"line":65,"column":4},"end":{"line":65,"column":54}},"24":{"start":{"line":70,"column":14},"end":{"line":101,"column":1}},"25":{"start":{"line":71,"column":2},"end":{"line":100,"column":3}},"26":{"start":{"line":72,"column":17},"end":{"line":72,"column":44}},"27":{"start":{"line":74,"column":17},"end":{"line":74,"column":79}},"28":{"start":{"line":75,"column":4},"end":{"line":77,"column":5}},"29":{"start":{"line":76,"column":6},"end":{"line":76,"column":80}},"30":{"start":{"line":79,"column":18},"end":{"line":79,"column":68}},"31":{"start":{"line":80,"column":4},"end":{"line":82,"column":5}},"32":{"start":{"line":81,"column":6},"end":{"line":81,"column":80}},"33":{"start":{"line":84,"column":21},"end":{"line":90,"column":6}},"34":{"start":{"line":92,"column":19},"end":{"line":92,"column":42}},"35":{"start":{"line":93,"column":4},"end":{"line":93,"column":43}},"36":{"start":{"line":95,"column":4},"end":{"line":97,"column":5}},"37":{"start":{"line":96,"column":6},"end":{"line":96,"column":67}},"38":{"start":{"line":98,"column":4},"end":{"line":98,"column":22}},"39":{"start":{"line":99,"column":4},"end":{"line":99,"column":54}},"40":{"start":{"line":104,"column":16},"end":{"line":116,"column":1}},"41":{"start":{"line":105,"column":2},"end":{"line":115,"column":3}},"42":{"start":{"line":106,"column":29},"end":{"line":106,"column":37}},"43":{"start":{"line":107,"column":4},"end":{"line":109,"column":5}},"44":{"start":{"line":108,"column":6},"end":{"line":108,"column":71}},"45":{"start":{"line":110,"column":20},"end":{"line":110,"column":76}},"46":{"start":{"line":111,"column":20},"end":{"line":111,"column":50}},"47":{"start":{"line":112,"column":4},"end":{"line":112,"column":20}},"48":{"start":{"line":114,"column":4},"end":{"line":114,"column":72}},"49":{"start":{"line":118,"column":0},"end":{"line":118,"column":45}}},"fnMap":{"0":{"name":"(anonymous_0)","decl":{"start":{"line":18,"column":23},"end":{"line":18,"column":24}},"loc":{"start":{"line":18,"column":35},"end":{"line":30,"column":1}},"line":18},"1":{"name":"(anonymous_1)","decl":{"start":{"line":33,"column":17},"end":{"line":33,"column":18}},"loc":{"start":{"line":33,"column":37},"end":{"line":67,"column":1}},"line":33},"2":{"name":"(anonymous_2)","decl":{"start":{"line":70,"column":14},"end":{"line":70,"column":15}},"loc":{"start":{"line":70,"column":34},"end":{"line":101,"column":1}},"line":70},"3":{"name":"(anonymous_3)","decl":{"start":{"line":104,"column":16},"end":{"line":104,"column":17}},"loc":{"start":{"line":104,"column":36},"end":{"line":116,"column":1}},"line":104}},"branchMap":{"0":{"loc":{"start":{"line":22,"column":17},"end":{"line":22,"column":51}},"type":"binary-expr","locations":[{"start":{"line":22,"column":17},"end":{"line":22,"column":43}},{"start":{"line":22,"column":47},"end":{"line":22,"column":51}}],"line":22},"1":{"loc":{"start":{"line":27,"column":17},"end":{"line":27,"column":59}},"type":"binary-expr","locations":[{"start":{"line":27,"column":17},"end":{"line":27,"column":51}},{"start":{"line":27,"column":55},"end":{"line":27,"column":59}}],"line":27},"2":{"loc":{"start":{"line":38,"column":4},"end":{"line":40,"column":5}},"type":"if","locations":[{"start":{"line":38,"column":4},"end":{"line":40,"column":5}},{"start":{},"end":{}}],"line":38},"3":{"loc":{"start":{"line":49,"column":18},"end":{"line":49,"column":37}},"type":"binary-expr","locations":[{"start":{"line":49,"column":18},"end":{"line":49,"column":29}},{"start":{"line":49,"column":33},"end":{"line":49,"column":37}}],"line":49},"4":{"loc":{"start":{"line":61,"column":4},"end":{"line":63,"column":5}},"type":"if","locations":[{"start":{"line":61,"column":4},"end":{"line":63,"column":5}},{"start":{},"end":{}}],"line":61},"5":{"loc":{"start":{"line":75,"column":4},"end":{"line":77,"column":5}},"type":"if","locations":[{"start":{"line":75,"column":4},"end":{"line":77,"column":5}},{"start":{},"end":{}}],"line":75},"6":{"loc":{"start":{"line":80,"column":4},"end":{"line":82,"column":5}},"type":"if","locations":[{"start":{"line":80,"column":4},"end":{"line":82,"column":5}},{"start":{},"end":{}}],"line":80},"7":{"loc":{"start":{"line":95,"column":4},"end":{"line":97,"column":5}},"type":"if","locations":[{"start":{"line":95,"column":4},"end":{"line":97,"column":5}},{"start":{},"end":{}}],"line":95},"8":{"loc":{"start":{"line":107,"column":4},"end":{"line":109,"column":5}},"type":"if","locations":[{"start":{"line":107,"column":4},"end":{"line":109,"column":5}},{"start":{},"end":{}}],"line":107}},"s":{"0":4,"1":4,"2":4,"3":4,"4":4,"5":4,"6":4,"7":6,"8":6,"9":6,"10":4,"11":7,"12":7,"13":5,"14":5,"15":1,"16":4,"17":4,"18":4,"19":4,"20":2,"21":2,"22":0,"23":0,"24":4,"25":3,"26":3,"27":3,"28":3,"29":1,"30":2,"31":2,"32":1,"33":1,"34":1,"35":1,"36":0,"37":0,"38":0,"39":0,"40":4,"41":3,"42":3,"43":3,"44":1,"45":2,"46":1,"47":1,"48":1,"49":4},"f":{"0":6,"1":7,"2":3,"3":3},"b":{"0":[6,0],"1":[6,0],"2":[1,4],"3":[4,4],"4":[2,0],"5":[1,2],"6":[1,1],"7":[0,0],"8":[1,2]},"_coverageSchema":"1a1c01bbd47fc00a2c39e90264f33305004495a9","hash":"5f2bd4dd20f877d0c090a2e64b963661dff34420"}
,"C:\\Users\\samsf\\Documents\\pasapasfrance\\backend\\src\\controllers\\document.controller.js": {"path":"C:\\Users\\samsf\\Documents\\pasapasfrance\\backend\\src\\controllers\\document.controller.js","statementMap":{"0":{"start":{"line":1,"column":15},"end":{"line":1,"column":32}},"1":{"start":{"line":2,"column":15},"end":{"line":2,"column":30}},"2":{"start":{"line":3,"column":15},"end":{"line":3,"column":28}},"3":{"start":{"line":4,"column":15},"end":{"line":4,"column":41}},"4":{"start":{"line":7,"column":16},"end":{"line":17,"column":2}},"5":{"start":{"line":9,"column":16},"end":{"line":9,"column":51}},"6":{"start":{"line":10,"column":4},"end":{"line":10,"column":67}},"7":{"start":{"line":10,"column":29},"end":{"line":10,"column":67}},"8":{"start":{"line":11,"column":4},"end":{"line":11,"column":17}},"9":{"start":{"line":14,"column":19},"end":{"line":14,"column":82}},"10":{"start":{"line":15,"column":4},"end":{"line":15,"column":20}},"11":{"start":{"line":19,"column":19},"end":{"line":26,"column":1}},"12":{"start":{"line":20,"column":18},"end":{"line":20,"column":77}},"13":{"start":{"line":21,"column":2},"end":{"line":25,"column":3}},"14":{"start":{"line":22,"column":4},"end":{"line":22,"column":18}},"15":{"start":{"line":24,"column":4},"end":{"line":24,"column":76}},"16":{"start":{"line":28,"column":15},"end":{"line":32,"column":2}},"17":{"start":{"line":35,"column":21},"end":{"line":53,"column":1}},"18":{"start":{"line":36,"column":2},"end":{"line":52,"column":3}},"19":{"start":{"line":37,"column":23},"end":{"line":37,"column":32}},"20":{"start":{"line":39,"column":22},"end":{"line":46,"column":6}},"21":{"start":{"line":48,"column":4},"end":{"line":48,"column":23}},"22":{"start":{"line":50,"column":4},"end":{"line":50,"column":22}},"23":{"start":{"line":51,"column":4},"end":{"line":51,"column":54}},"24":{"start":{"line":56,"column":23},"end":{"line":81,"column":1}},"25":{"start":{"line":57,"column":2},"end":{"line":80,"column":3}},"26":{"start":{"line":58,"column":4},"end":{"line":60,"column":5}},"27":{"start":{"line":59,"column":6},"end":{"line":59,"column":67}},"28":{"start":{"line":62,"column":28},"end":{"line":62,"column":36}},"29":{"start":{"line":64,"column":21},"end":{"line":74,"column":6}},"30":{"start":{"line":76,"column":4},"end":{"line":76,"column":68}},"31":{"start":{"line":78,"column":4},"end":{"line":78,"column":22}},"32":{"start":{"line":79,"column":4},"end":{"line":79,"column":54}},"33":{"start":{"line":84,"column":23},"end":{"line":105,"column":1}},"34":{"start":{"line":85,"column":2},"end":{"line":104,"column":3}},"35":{"start":{"line":86,"column":18},"end":{"line":86,"column":41}},"36":{"start":{"line":88,"column":16},"end":{"line":90,"column":6}},"37":{"start":{"line":91,"column":4},"end":{"line":91,"column":77}},"38":{"start":{"line":91,"column":14},"end":{"line":91,"column":77}},"39":{"start":{"line":94,"column":4},"end":{"line":96,"column":5}},"40":{"start":{"line":95,"column":6},"end":{"line":95,"column":31}},"41":{"start":{"line":98,"column":4},"end":{"line":98,"column":58}},"42":{"start":{"line":100,"column":4},"end":{"line":100,"column":47}},"43":{"start":{"line":102,"column":4},"end":{"line":102,"column":22}},"44":{"start":{"line":103,"column":4},"end":{"line":103,"column":54}},"45":{"start":{"line":107,"column":0},"end":{"line":107,"column":73}}},"fnMap":{"0":{"name":"(anonymous_0)","decl":{"start":{"line":8,"column":15},"end":{"line":8,"column":16}},"loc":{"start":{"line":8,"column":34},"end":{"line":12,"column":3}},"line":8},"1":{"name":"(anonymous_1)","decl":{"start":{"line":13,"column":12},"end":{"line":13,"column":13}},"loc":{"start":{"line":13,"column":31},"end":{"line":16,"column":3}},"line":13},"2":{"name":"(anonymous_2)","decl":{"start":{"line":19,"column":19},"end":{"line":19,"column":20}},"loc":{"start":{"line":19,"column":38},"end":{"line":26,"column":1}},"line":19},"3":{"name":"(anonymous_3)","decl":{"start":{"line":35,"column":21},"end":{"line":35,"column":22}},"loc":{"start":{"line":35,"column":41},"end":{"line":53,"column":1}},"line":35},"4":{"name":"(anonymous_4)","decl":{"start":{"line":56,"column":23},"end":{"line":56,"column":24}},"loc":{"start":{"line":56,"column":43},"end":{"line":81,"column":1}},"line":56},"5":{"name":"(anonymous_5)","decl":{"start":{"line":84,"column":23},"end":{"line":84,"column":24}},"loc":{"start":{"line":84,"column":43},"end":{"line":105,"column":1}},"line":84}},"branchMap":{"0":{"loc":{"start":{"line":9,"column":16},"end":{"line":9,"column":51}},"type":"binary-expr","locations":[{"start":{"line":9,"column":16},"end":{"line":9,"column":38}},{"start":{"line":9,"column":42},"end":{"line":9,"column":51}}],"line":9},"1":{"loc":{"start":{"line":10,"column":4},"end":{"line":10,"column":67}},"type":"if","locations":[{"start":{"line":10,"column":4},"end":{"line":10,"column":67}},{"start":{},"end":{}}],"line":10},"2":{"loc":{"start":{"line":21,"column":2},"end":{"line":25,"column":3}},"type":"if","locations":[{"start":{"line":21,"column":2},"end":{"line":25,"column":3}},{"start":{"line":23,"column":9},"end":{"line":25,"column":3}}],"line":21},"3":{"loc":{"start":{"line":31,"column":22},"end":{"line":31,"column":76}},"type":"binary-expr","locations":[{"start":{"line":31,"column":22},"end":{"line":31,"column":57}},{"start":{"line":31,"column":61},"end":{"line":31,"column":76}}],"line":31},"4":{"loc":{"start":{"line":42,"column":12},"end":{"line":42,"column":54}},"type":"cond-expr","locations":[{"start":{"line":42,"column":21},"end":{"line":42,"column":49}},{"start":{"line":42,"column":52},"end":{"line":42,"column":54}}],"line":42},"5":{"loc":{"start":{"line":58,"column":4},"end":{"line":60,"column":5}},"type":"if","locations":[{"start":{"line":58,"column":4},"end":{"line":60,"column":5}},{"start":{},"end":{}}],"line":58},"6":{"loc":{"start":{"line":66,"column":18},"end":{"line":66,"column":46}},"type":"binary-expr","locations":[{"start":{"line":66,"column":18},"end":{"line":66,"column":21}},{"start":{"line":66,"column":25},"end":{"line":66,"column":46}}],"line":66},"7":{"loc":{"start":{"line":72,"column":18},"end":{"line":72,"column":50}},"type":"cond-expr","locations":[{"start":{"line":72,"column":27},"end":{"line":72,"column":43}},{"start":{"line":72,"column":46},"end":{"line":72,"column":50}}],"line":72},"8":{"loc":{"start":{"line":91,"column":4},"end":{"line":91,"column":77}},"type":"if","locations":[{"start":{"line":91,"column":4},"end":{"line":91,"column":77}},{"start":{},"end":{}}],"line":91},"9":{"loc":{"start":{"line":94,"column":4},"end":{"line":96,"column":5}},"type":"if","locations":[{"start":{"line":94,"column":4},"end":{"line":96,"column":5}},{"start":{},"end":{}}],"line":94},"10":{"loc":{"start":{"line":94,"column":8},"end":{"line":94,"column":47}},"type":"binary-expr","locations":[{"start":{"line":94,"column":8},"end":{"line":94,"column":18}},{"start":{"line":94,"column":22},"end":{"line":94,"column":47}}],"line":94}},"s":{"0":4,"1":4,"2":4,"3":4,"4":4,"5":0,"6":0,"7":0,"8":0,"9":0,"10":0,"11":4,"12":0,"13":0,"14":0,"15":0,"16":4,"17":4,"18":0,"19":0,"20":0,"21":0,"22":0,"23":0,"24":4,"25":0,"26":0,"27":0,"28":0,"29":0,"30":0,"31":0,"32":0,"33":4,"34":0,"35":0,"36":0,"37":0,"38":0,"39":0,"40":0,"41":0,"42":0,"43":0,"44":0,"45":4},"f":{"0":0,"1":0,"2":0,"3":0,"4":0,"5":0},"b":{"0":[0,0],"1":[0,0],"2":[0,0],"3":[4,4],"4":[0,0],"5":[0,0],"6":[0,0],"7":[0,0],"8":[0,0],"9":[0,0],"10":[0,0]},"_coverageSchema":"1a1c01bbd47fc00a2c39e90264f33305004495a9","hash":"5edb1bb4ddb7b850d6326b3fee47031f08008bea"}
,"C:\\Users\\samsf\\Documents\\pasapasfrance\\backend\\src\\controllers\\journey.controller.js": {"path":"C:\\Users\\samsf\\Documents\\pasapasfrance\\backend\\src\\controllers\\journey.controller.js","statementMap":{"0":{"start":{"line":1,"column":15},"end":{"line":1,"column":41}},"1":{"start":{"line":5,"column":17},"end":{"line":89,"column":1}},"2":{"start":{"line":6,"column":2},"end":{"line":88,"column":3}},"3":{"start":{"line":8,"column":20},"end":{"line":10,"column":6}},"4":{"start":{"line":11,"column":4},"end":{"line":13,"column":5}},"5":{"start":{"line":12,"column":6},"end":{"line":12,"column":99}},"6":{"start":{"line":16,"column":18},"end":{"line":25,"column":6}},"7":{"start":{"line":28,"column":4},"end":{"line":28,"column":70}},"8":{"start":{"line":29,"column":4},"end":{"line":29,"column":78}},"9":{"start":{"line":32,"column":20},"end":{"line":34,"column":6}},"10":{"start":{"line":37,"column":25},"end":{"line":37,"column":27}},"11":{"start":{"line":38,"column":4},"end":{"line":62,"column":5}},"12":{"start":{"line":40,"column":21},"end":{"line":40,"column":73}},"13":{"start":{"line":42,"column":26},"end":{"line":48,"column":8}},"14":{"start":{"line":51,"column":6},"end":{"line":59,"column":7}},"15":{"start":{"line":52,"column":8},"end":{"line":58,"column":10}},"16":{"start":{"line":61,"column":6},"end":{"line":61,"column":44}},"17":{"start":{"line":65,"column":4},"end":{"line":71,"column":6}},"18":{"start":{"line":73,"column":4},"end":{"line":84,"column":6}},"19":{"start":{"line":75,"column":40},"end":{"line":83,"column":7}},"20":{"start":{"line":82,"column":44},"end":{"line":82,"column":54}},"21":{"start":{"line":86,"column":4},"end":{"line":86,"column":22}},"22":{"start":{"line":87,"column":4},"end":{"line":87,"column":54}},"23":{"start":{"line":92,"column":19},"end":{"line":116,"column":1}},"24":{"start":{"line":93,"column":2},"end":{"line":115,"column":3}},"25":{"start":{"line":94,"column":25},"end":{"line":105,"column":6}},"26":{"start":{"line":107,"column":20},"end":{"line":109,"column":6}},"27":{"start":{"line":111,"column":4},"end":{"line":111,"column":50}},"28":{"start":{"line":113,"column":4},"end":{"line":113,"column":22}},"29":{"start":{"line":114,"column":4},"end":{"line":114,"column":54}},"30":{"start":{"line":118,"column":0},"end":{"line":118,"column":41}}},"fnMap":{"0":{"name":"(anonymous_0)","decl":{"start":{"line":5,"column":17},"end":{"line":5,"column":18}},"loc":{"start":{"line":5,"column":37},"end":{"line":89,"column":1}},"line":5},"1":{"name":"(anonymous_1)","decl":{"start":{"line":75,"column":34},"end":{"line":75,"column":35}},"loc":{"start":{"line":75,"column":40},"end":{"line":83,"column":7}},"line":75},"2":{"name":"(anonymous_2)","decl":{"start":{"line":82,"column":39},"end":{"line":82,"column":40}},"loc":{"start":{"line":82,"column":44},"end":{"line":82,"column":54}},"line":82},"3":{"name":"(anonymous_3)","decl":{"start":{"line":92,"column":19},"end":{"line":92,"column":20}},"loc":{"start":{"line":92,"column":39},"end":{"line":116,"column":1}},"line":92}},"branchMap":{"0":{"loc":{"start":{"line":11,"column":4},"end":{"line":13,"column":5}},"type":"if","locations":[{"start":{"line":11,"column":4},"end":{"line":13,"column":5}},{"start":{},"end":{}}],"line":11},"1":{"loc":{"start":{"line":40,"column":21},"end":{"line":40,"column":73}},"type":"cond-expr","locations":[{"start":{"line":40,"column":53},"end":{"line":40,"column":62}},{"start":{"line":40,"column":65},"end":{"line":40,"column":73}}],"line":40}},"s":{"0":4,"1":4,"2":2,"3":2,"4":2,"5":0,"6":2,"7":2,"8":2,"9":2,"10":2,"11":2,"12":9,"13":9,"14":9,"15":35,"16":9,"17":2,"18":2,"19":9,"20":5,"21":0,"22":0,"23":4,"24":1,"25":1,"26":1,"27":1,"28":0,"29":0,"30":4},"f":{"0":2,"1":9,"2":5,"3":1},"b":{"0":[0,2],"1":[4,5]},"_coverageSchema":"1a1c01bbd47fc00a2c39e90264f33305004495a9","hash":"cd727e730a256103e5002db68377bb90dc403c31"}
,"C:\\Users\\samsf\\Documents\\pasapasfrance\\backend\\src\\controllers\\notification.controller.js": {"path":"C:\\Users\\samsf\\Documents\\pasapasfrance\\backend\\src\\controllers\\notification.controller.js","statementMap":{"0":{"start":{"line":1,"column":15},"end":{"line":1,"column":41}},"1":{"start":{"line":4,"column":25},"end":{"line":15,"column":1}},"2":{"start":{"line":5,"column":2},"end":{"line":14,"column":3}},"3":{"start":{"line":6,"column":26},"end":{"line":10,"column":6}},"4":{"start":{"line":11,"column":4},"end":{"line":11,"column":27}},"5":{"start":{"line":13,"column":4},"end":{"line":13,"column":54}},"6":{"start":{"line":18,"column":17},"end":{"line":28,"column":1}},"7":{"start":{"line":19,"column":2},"end":{"line":27,"column":3}},"8":{"start":{"line":20,"column":4},"end":{"line":23,"column":6}},"9":{"start":{"line":24,"column":4},"end":{"line":24,"column":60}},"10":{"start":{"line":26,"column":4},"end":{"line":26,"column":54}},"11":{"start":{"line":31,"column":20},"end":{"line":41,"column":1}},"12":{"start":{"line":32,"column":2},"end":{"line":40,"column":3}},"13":{"start":{"line":33,"column":4},"end":{"line":36,"column":6}},"14":{"start":{"line":37,"column":4},"end":{"line":37,"column":74}},"15":{"start":{"line":39,"column":4},"end":{"line":39,"column":54}},"16":{"start":{"line":43,"column":0},"end":{"line":43,"column":60}}},"fnMap":{"0":{"name":"(anonymous_0)","decl":{"start":{"line":4,"column":25},"end":{"line":4,"column":26}},"loc":{"start":{"line":4,"column":45},"end":{"line":15,"column":1}},"line":4},"1":{"name":"(anonymous_1)","decl":{"start":{"line":18,"column":17},"end":{"line":18,"column":18}},"loc":{"start":{"line":18,"column":37},"end":{"line":28,"column":1}},"line":18},"2":{"name":"(anonymous_2)","decl":{"start":{"line":31,"column":20},"end":{"line":31,"column":21}},"loc":{"start":{"line":31,"column":40},"end":{"line":41,"column":1}},"line":31}},"branchMap":{},"s":{"0":4,"1":4,"2":0,"3":0,"4":0,"5":0,"6":4,"7":0,"8":0,"9":0,"10":0,"11":4,"12":0,"13":0,"14":0,"15":0,"16":4},"f":{"0":0,"1":0,"2":0},"b":{},"_coverageSchema":"1a1c01bbd47fc00a2c39e90264f33305004495a9","hash":"36516b707bade3c072d3e4af96ae6c23ab3d55c7"}
,"C:\\Users\\samsf\\Documents\\pasapasfrance\\backend\\src\\controllers\\step.controller.js": {"path":"C:\\Users\\samsf\\Documents\\pasapasfrance\\backend\\src\\controllers\\step.controller.js","statementMap":{"0":{"start":{"line":1,"column":15},"end":{"line":1,"column":41}},"1":{"start":{"line":4,"column":17},"end":{"line":66,"column":1}},"2":{"start":{"line":5,"column":2},"end":{"line":65,"column":3}},"3":{"start":{"line":6,"column":41},"end":{"line":6,"column":50}},"4":{"start":{"line":8,"column":18},"end":{"line":8,"column":40}},"5":{"start":{"line":9,"column":4},"end":{"line":9,"column":41}},"6":{"start":{"line":9,"column":18},"end":{"line":9,"column":41}},"7":{"start":{"line":10,"column":4},"end":{"line":10,"column":47}},"8":{"start":{"line":10,"column":18},"end":{"line":10,"column":47}},"9":{"start":{"line":13,"column":22},"end":{"line":13,"column":24}},"10":{"start":{"line":14,"column":4},"end":{"line":20,"column":5}},"11":{"start":{"line":15,"column":6},"end":{"line":19,"column":7}},"12":{"start":{"line":21,"column":4},"end":{"line":21,"column":47}},"13":{"start":{"line":21,"column":18},"end":{"line":21,"column":47}},"14":{"start":{"line":23,"column":25},"end":{"line":39,"column":6}},"15":{"start":{"line":42,"column":22},"end":{"line":59,"column":7}},"16":{"start":{"line":42,"column":45},"end":{"line":59,"column":5}},"17":{"start":{"line":52,"column":47},"end":{"line":52,"column":57}},"18":{"start":{"line":53,"column":48},"end":{"line":58,"column":7}},"19":{"start":{"line":61,"column":4},"end":{"line":61,"column":23}},"20":{"start":{"line":63,"column":4},"end":{"line":63,"column":22}},"21":{"start":{"line":64,"column":4},"end":{"line":64,"column":54}},"22":{"start":{"line":69,"column":16},"end":{"line":114,"column":1}},"23":{"start":{"line":70,"column":2},"end":{"line":113,"column":3}},"24":{"start":{"line":71,"column":19},"end":{"line":71,"column":42}},"25":{"start":{"line":73,"column":24},"end":{"line":85,"column":6}},"26":{"start":{"line":87,"column":4},"end":{"line":89,"column":5}},"27":{"start":{"line":88,"column":6},"end":{"line":88,"column":69}},"28":{"start":{"line":91,"column":4},"end":{"line":109,"column":6}},"29":{"start":{"line":101,"column":58},"end":{"line":104,"column":7}},"30":{"start":{"line":106,"column":19},"end":{"line":106,"column":80}},"31":{"start":{"line":106,"column":60},"end":{"line":106,"column":79}},"32":{"start":{"line":107,"column":8},"end":{"line":107,"column":88}},"33":{"start":{"line":111,"column":4},"end":{"line":111,"column":22}},"34":{"start":{"line":112,"column":4},"end":{"line":112,"column":54}},"35":{"start":{"line":117,"column":25},"end":{"line":175,"column":1}},"36":{"start":{"line":118,"column":2},"end":{"line":174,"column":3}},"37":{"start":{"line":119,"column":20},"end":{"line":119,"column":43}},"38":{"start":{"line":120,"column":32},"end":{"line":120,"column":40}},"39":{"start":{"line":122,"column":4},"end":{"line":124,"column":5}},"40":{"start":{"line":123,"column":6},"end":{"line":123,"column":73}},"41":{"start":{"line":127,"column":28},"end":{"line":130,"column":6}},"42":{"start":{"line":131,"column":4},"end":{"line":133,"column":5}},"43":{"start":{"line":132,"column":6},"end":{"line":132,"column":69}},"44":{"start":{"line":136,"column":4},"end":{"line":142,"column":6}},"45":{"start":{"line":145,"column":26},"end":{"line":147,"column":6}},"46":{"start":{"line":149,"column":16},"end":{"line":149,"column":50}},"47":{"start":{"line":150,"column":24},"end":{"line":150,"column":46}},"48":{"start":{"line":152,"column":4},"end":{"line":153,"column":52}},"49":{"start":{"line":152,"column":26},"end":{"line":152,"column":51}},"50":{"start":{"line":153,"column":9},"end":{"line":153,"column":52}},"51":{"start":{"line":153,"column":26},"end":{"line":153,"column":52}},"52":{"start":{"line":155,"column":4},"end":{"line":158,"column":6}},"53":{"start":{"line":161,"column":4},"end":{"line":163,"column":5}},"54":{"start":{"line":162,"column":6},"end":{"line":162,"column":52}},"55":{"start":{"line":166,"column":4},"end":{"line":166,"column":39}},"56":{"start":{"line":168,"column":20},"end":{"line":168,"column":86}},"57":{"start":{"line":170,"column":4},"end":{"line":170,"column":112}},"58":{"start":{"line":172,"column":4},"end":{"line":172,"column":22}},"59":{"start":{"line":173,"column":4},"end":{"line":173,"column":54}},"60":{"start":{"line":179,"column":2},"end":{"line":179,"column":68}},"61":{"start":{"line":179,"column":60},"end":{"line":179,"column":68}},"62":{"start":{"line":180,"column":20},"end":{"line":180,"column":80}},"63":{"start":{"line":180,"column":50},"end":{"line":180,"column":72}},"64":{"start":{"line":181,"column":2},"end":{"line":181,"column":65}},"65":{"start":{"line":186,"column":22},"end":{"line":188,"column":4}},"66":{"start":{"line":190,"column":2},"end":{"line":221,"column":3}},"67":{"start":{"line":192,"column":26},"end":{"line":194,"column":6}},"68":{"start":{"line":196,"column":28},"end":{"line":203,"column":5}},"69":{"start":{"line":198,"column":21},"end":{"line":200,"column":10}},"70":{"start":{"line":201,"column":8},"end":{"line":201,"column":41}},"71":{"start":{"line":205,"column":4},"end":{"line":220,"column":5}},"72":{"start":{"line":206,"column":6},"end":{"line":209,"column":8}},"73":{"start":{"line":212,"column":19},"end":{"line":212,"column":78}},"74":{"start":{"line":213,"column":6},"end":{"line":219,"column":8}},"75":{"start":{"line":225,"column":23},"end":{"line":225,"column":83}},"76":{"start":{"line":226,"column":23},"end":{"line":226,"column":78}},"77":{"start":{"line":226,"column":48},"end":{"line":226,"column":70}},"78":{"start":{"line":227,"column":23},"end":{"line":227,"column":74}},"79":{"start":{"line":229,"column":2},"end":{"line":232,"column":4}},"80":{"start":{"line":235,"column":0},"end":{"line":235,"column":56}}},"fnMap":{"0":{"name":"(anonymous_0)","decl":{"start":{"line":4,"column":17},"end":{"line":4,"column":18}},"loc":{"start":{"line":4,"column":37},"end":{"line":66,"column":1}},"line":4},"1":{"name":"(anonymous_1)","decl":{"start":{"line":42,"column":39},"end":{"line":42,"column":40}},"loc":{"start":{"line":42,"column":45},"end":{"line":59,"column":5}},"line":42},"2":{"name":"(anonymous_2)","decl":{"start":{"line":52,"column":42},"end":{"line":52,"column":43}},"loc":{"start":{"line":52,"column":47},"end":{"line":52,"column":57}},"line":52},"3":{"name":"(anonymous_3)","decl":{"start":{"line":53,"column":37},"end":{"line":53,"column":38}},"loc":{"start":{"line":53,"column":48},"end":{"line":58,"column":7}},"line":53},"4":{"name":"(anonymous_4)","decl":{"start":{"line":69,"column":16},"end":{"line":69,"column":17}},"loc":{"start":{"line":69,"column":36},"end":{"line":114,"column":1}},"line":69},"5":{"name":"(anonymous_5)","decl":{"start":{"line":101,"column":52},"end":{"line":101,"column":53}},"loc":{"start":{"line":101,"column":58},"end":{"line":104,"column":7}},"line":101},"6":{"name":"(anonymous_6)","decl":{"start":{"line":105,"column":42},"end":{"line":105,"column":43}},"loc":{"start":{"line":105,"column":47},"end":{"line":108,"column":7}},"line":105},"7":{"name":"(anonymous_7)","decl":{"start":{"line":106,"column":54},"end":{"line":106,"column":55}},"loc":{"start":{"line":106,"column":60},"end":{"line":106,"column":79}},"line":106},"8":{"name":"(anonymous_8)","decl":{"start":{"line":117,"column":25},"end":{"line":117,"column":26}},"loc":{"start":{"line":117,"column":45},"end":{"line":175,"column":1}},"line":117},"9":{"name":"calculerProgression","decl":{"start":{"line":178,"column":9},"end":{"line":178,"column":28}},"loc":{"start":{"line":178,"column":48},"end":{"line":182,"column":1}},"line":178},"10":{"name":"(anonymous_10)","decl":{"start":{"line":180,"column":45},"end":{"line":180,"column":46}},"loc":{"start":{"line":180,"column":50},"end":{"line":180,"column":72}},"line":180},"11":{"name":"debloquerDependances","decl":{"start":{"line":184,"column":15},"end":{"line":184,"column":35}},"loc":{"start":{"line":184,"column":59},"end":{"line":222,"column":1}},"line":184},"12":{"name":"(anonymous_12)","decl":{"start":{"line":197,"column":24},"end":{"line":197,"column":25}},"loc":{"start":{"line":197,"column":35},"end":{"line":202,"column":7}},"line":197},"13":{"name":"recalculerJourney","decl":{"start":{"line":224,"column":15},"end":{"line":224,"column":32}},"loc":{"start":{"line":224,"column":41},"end":{"line":233,"column":1}},"line":224},"14":{"name":"(anonymous_14)","decl":{"start":{"line":226,"column":43},"end":{"line":226,"column":44}},"loc":{"start":{"line":226,"column":48},"end":{"line":226,"column":70}},"line":226}},"branchMap":{"0":{"loc":{"start":{"line":9,"column":4},"end":{"line":9,"column":41}},"type":"if","locations":[{"start":{"line":9,"column":4},"end":{"line":9,"column":41}},{"start":{},"end":{}}],"line":9},"1":{"loc":{"start":{"line":10,"column":4},"end":{"line":10,"column":47}},"type":"if","locations":[{"start":{"line":10,"column":4},"end":{"line":10,"column":47}},{"start":{},"end":{}}],"line":10},"2":{"loc":{"start":{"line":14,"column":4},"end":{"line":20,"column":5}},"type":"if","locations":[{"start":{"line":14,"column":4},"end":{"line":20,"column":5}},{"start":{},"end":{}}],"line":14},"3":{"loc":{"start":{"line":21,"column":4},"end":{"line":21,"column":47}},"type":"if","locations":[{"start":{"line":21,"column":4},"end":{"line":21,"column":47}},{"start":{},"end":{}}],"line":21},"4":{"loc":{"start":{"line":26,"column":12},"end":{"line":26,"column":36}},"type":"cond-expr","locations":[{"start":{"line":26,"column":21},"end":{"line":26,"column":31}},{"start":{"line":26,"column":34},"end":{"line":26,"column":36}}],"line":26},"5":{"loc":{"start":{"line":27,"column":14},"end":{"line":27,"column":71}},"type":"cond-expr","locations":[{"start":{"line":27,"column":50},"end":{"line":27,"column":59}},{"start":{"line":27,"column":62},"end":{"line":27,"column":71}}],"line":27},"6":{"loc":{"start":{"line":57,"column":16},"end":{"line":57,"column":59}},"type":"binary-expr","locations":[{"start":{"line":57,"column":16},"end":{"line":57,"column":46}},{"start":{"line":57,"column":50},"end":{"line":57,"column":59}}],"line":57},"7":{"loc":{"start":{"line":87,"column":4},"end":{"line":89,"column":5}},"type":"if","locations":[{"start":{"line":87,"column":4},"end":{"line":89,"column":5}},{"start":{},"end":{}}],"line":87},"8":{"loc":{"start":{"line":107,"column":63},"end":{"line":107,"column":86}},"type":"binary-expr","locations":[{"start":{"line":107,"column":63},"end":{"line":107,"column":73}},{"start":{"line":107,"column":77},"end":{"line":107,"column":86}}],"line":107},"9":{"loc":{"start":{"line":122,"column":4},"end":{"line":124,"column":5}},"type":"if","locations":[{"start":{"line":122,"column":4},"end":{"line":124,"column":5}},{"start":{},"end":{}}],"line":122},"10":{"loc":{"start":{"line":122,"column":8},"end":{"line":122,"column":27}},"type":"binary-expr","locations":[{"start":{"line":122,"column":8},"end":{"line":122,"column":16}},{"start":{"line":122,"column":20},"end":{"line":122,"column":27}}],"line":122},"11":{"loc":{"start":{"line":131,"column":4},"end":{"line":133,"column":5}},"type":"if","locations":[{"start":{"line":131,"column":4},"end":{"line":133,"column":5}},{"start":{},"end":{}}],"line":131},"12":{"loc":{"start":{"line":152,"column":4},"end":{"line":153,"column":52}},"type":"if","locations":[{"start":{"line":152,"column":4},"end":{"line":153,"column":52}},{"start":{"line":153,"column":9},"end":{"line":153,"column":52}}],"line":152},"13":{"loc":{"start":{"line":153,"column":9},"end":{"line":153,"column":52}},"type":"if","locations":[{"start":{"line":153,"column":9},"end":{"line":153,"column":52}},{"start":{},"end":{}}],"line":153},"14":{"loc":{"start":{"line":161,"column":4},"end":{"line":163,"column":5}},"type":"if","locations":[{"start":{"line":161,"column":4},"end":{"line":163,"column":5}},{"start":{},"end":{}}],"line":161},"15":{"loc":{"start":{"line":170,"column":84},"end":{"line":170,"column":109}},"type":"binary-expr","locations":[{"start":{"line":170,"column":84},"end":{"line":170,"column":104}},{"start":{"line":170,"column":108},"end":{"line":170,"column":109}}],"line":170},"16":{"loc":{"start":{"line":179,"column":2},"end":{"line":179,"column":68}},"type":"if","locations":[{"start":{"line":179,"column":2},"end":{"line":179,"column":68}},{"start":{},"end":{}}],"line":179},"17":{"loc":{"start":{"line":179,"column":6},"end":{"line":179,"column":58}},"type":"binary-expr","locations":[{"start":{"line":179,"column":6},"end":{"line":179,"column":24}},{"start":{"line":179,"column":28},"end":{"line":179,"column":58}}],"line":179},"18":{"loc":{"start":{"line":205,"column":4},"end":{"line":220,"column":5}},"type":"if","locations":[{"start":{"line":205,"column":4},"end":{"line":220,"column":5}},{"start":{},"end":{}}],"line":205}},"s":{"0":4,"1":4,"2":3,"3":3,"4":3,"5":3,"6":0,"7":3,"8":0,"9":3,"10":3,"11":1,"12":3,"13":0,"14":3,"15":3,"16":11,"17":6,"18":42,"19":3,"20":0,"21":0,"22":4,"23":0,"24":0,"25":0,"26":0,"27":0,"28":0,"29":0,"30":0,"31":0,"32":0,"33":0,"34":0,"35":4,"36":1,"37":1,"38":1,"39":1,"40":1,"41":0,"42":0,"43":0,"44":0,"45":0,"46":0,"47":0,"48":0,"49":0,"50":0,"51":0,"52":0,"53":0,"54":0,"55":0,"56":0,"57":0,"58":0,"59":0,"60":11,"61":0,"62":11,"63":42,"64":11,"65":0,"66":0,"67":0,"68":0,"69":0,"70":0,"71":0,"72":0,"73":0,"74":0,"75":0,"76":0,"77":0,"78":0,"79":0,"80":4},"f":{"0":3,"1":11,"2":6,"3":42,"4":0,"5":0,"6":0,"7":0,"8":1,"9":11,"10":42,"11":0,"12":0,"13":0,"14":0},"b":{"0":[0,3],"1":[0,3],"2":[1,2],"3":[0,3],"4":[0,3],"5":[1,2],"6":[42,0],"7":[0,0],"8":[0,0],"9":[1,0],"10":[1,0],"11":[0,0],"12":[0,0],"13":[0,0],"14":[0,0],"15":[0,0],"16":[0,11],"17":[11,11],"18":[0,0]},"_coverageSchema":"1a1c01bbd47fc00a2c39e90264f33305004495a9","hash":"981e78bd99ac2f7871ad6aaa588e7ec109d97bdf"}
,"C:\\Users\\samsf\\Documents\\pasapasfrance\\backend\\src\\controllers\\user.controller.js": {"path":"C:\\Users\\samsf\\Documents\\pasapasfrance\\backend\\src\\controllers\\user.controller.js","statementMap":{"0":{"start":{"line":1,"column":15},"end":{"line":1,"column":29}},"1":{"start":{"line":2,"column":15},"end":{"line":2,"column":41}},"2":{"start":{"line":4,"column":22},"end":{"line":12,"column":2}},"3":{"start":{"line":15,"column":14},"end":{"line":31,"column":1}},"4":{"start":{"line":16,"column":2},"end":{"line":30,"column":3}},"5":{"start":{"line":17,"column":17},"end":{"line":24,"column":6}},"6":{"start":{"line":25,"column":4},"end":{"line":25,"column":81}},"7":{"start":{"line":25,"column":15},"end":{"line":25,"column":81}},"8":{"start":{"line":26,"column":4},"end":{"line":26,"column":18}},"9":{"start":{"line":28,"column":4},"end":{"line":28,"column":22}},"10":{"start":{"line":29,"column":4},"end":{"line":29,"column":54}},"11":{"start":{"line":34,"column":17},"end":{"line":93,"column":1}},"12":{"start":{"line":35,"column":2},"end":{"line":92,"column":3}},"13":{"start":{"line":36,"column":17},"end":{"line":36,"column":46}},"14":{"start":{"line":39,"column":23},"end":{"line":39,"column":25}},"15":{"start":{"line":40,"column":4},"end":{"line":40,"column":52}},"16":{"start":{"line":40,"column":21},"end":{"line":40,"column":52}},"17":{"start":{"line":41,"column":4},"end":{"line":41,"column":52}},"18":{"start":{"line":41,"column":21},"end":{"line":41,"column":52}},"19":{"start":{"line":43,"column":17},"end":{"line":47,"column":6}},"20":{"start":{"line":50,"column":4},"end":{"line":74,"column":5}},"21":{"start":{"line":51,"column":26},"end":{"line":51,"column":28}},"22":{"start":{"line":52,"column":6},"end":{"line":52,"column":65}},"23":{"start":{"line":52,"column":28},"end":{"line":52,"column":65}},"24":{"start":{"line":53,"column":6},"end":{"line":53,"column":70}},"25":{"start":{"line":53,"column":28},"end":{"line":53,"column":70}},"26":{"start":{"line":54,"column":6},"end":{"line":57,"column":7}},"27":{"start":{"line":55,"column":19},"end":{"line":55,"column":45}},"28":{"start":{"line":56,"column":6},"end":{"line":56,"column":64}},"29":{"start":{"line":56,"column":34},"end":{"line":56,"column":64}},"30":{"start":{"line":58,"column":6},"end":{"line":58,"column":67}},"31":{"start":{"line":58,"column":28},"end":{"line":58,"column":67}},"32":{"start":{"line":59,"column":6},"end":{"line":59,"column":65}},"33":{"start":{"line":59,"column":28},"end":{"line":59,"column":65}},"34":{"start":{"line":61,"column":4},"end":{"line":73,"column":6}},"35":{"start":{"line":77,"column":4},"end":{"line":83,"column":6}},"36":{"start":{"line":85,"column":4},"end":{"line":85,"column":53}},"37":{"start":{"line":87,"column":4},"end":{"line":89,"column":5}},"38":{"start":{"line":88,"column":6},"end":{"line":88,"column":67}},"39":{"start":{"line":90,"column":4},"end":{"line":90,"column":22}},"40":{"start":{"line":91,"column":4},"end":{"line":91,"column":54}},"41":{"start":{"line":96,"column":17},"end":{"line":104,"column":1}},"42":{"start":{"line":97,"column":2},"end":{"line":103,"column":3}},"43":{"start":{"line":98,"column":4},"end":{"line":98,"column":59}},"44":{"start":{"line":99,"column":4},"end":{"line":99,"column":45}},"45":{"start":{"line":101,"column":4},"end":{"line":101,"column":22}},"46":{"start":{"line":102,"column":4},"end":{"line":102,"column":54}},"47":{"start":{"line":106,"column":0},"end":{"line":106,"column":46}}},"fnMap":{"0":{"name":"(anonymous_0)","decl":{"start":{"line":15,"column":14},"end":{"line":15,"column":15}},"loc":{"start":{"line":15,"column":34},"end":{"line":31,"column":1}},"line":15},"1":{"name":"(anonymous_1)","decl":{"start":{"line":34,"column":17},"end":{"line":34,"column":18}},"loc":{"start":{"line":34,"column":37},"end":{"line":93,"column":1}},"line":34},"2":{"name":"(anonymous_2)","decl":{"start":{"line":96,"column":17},"end":{"line":96,"column":18}},"loc":{"start":{"line":96,"column":37},"end":{"line":104,"column":1}},"line":96}},"branchMap":{"0":{"loc":{"start":{"line":25,"column":4},"end":{"line":25,"column":81}},"type":"if","locations":[{"start":{"line":25,"column":4},"end":{"line":25,"column":81}},{"start":{},"end":{}}],"line":25},"1":{"loc":{"start":{"line":40,"column":4},"end":{"line":40,"column":52}},"type":"if","locations":[{"start":{"line":40,"column":4},"end":{"line":40,"column":52}},{"start":{},"end":{}}],"line":40},"2":{"loc":{"start":{"line":41,"column":4},"end":{"line":41,"column":52}},"type":"if","locations":[{"start":{"line":41,"column":4},"end":{"line":41,"column":52}},{"start":{},"end":{}}],"line":41},"3":{"loc":{"start":{"line":50,"column":4},"end":{"line":74,"column":5}},"type":"if","locations":[{"start":{"line":50,"column":4},"end":{"line":74,"column":5}},{"start":{},"end":{}}],"line":50},"4":{"loc":{"start":{"line":50,"column":8},"end":{"line":50,"column":91}},"type":"binary-expr","locations":[{"start":{"line":50,"column":8},"end":{"line":50,"column":19}},{"start":{"line":50,"column":23},"end":{"line":50,"column":39}},{"start":{"line":50,"column":43},"end":{"line":50,"column":59}},{"start":{"line":50,"column":63},"end":{"line":50,"column":76}},{"start":{"line":50,"column":80},"end":{"line":50,"column":91}}],"line":50},"5":{"loc":{"start":{"line":52,"column":6},"end":{"line":52,"column":65}},"type":"if","locations":[{"start":{"line":52,"column":6},"end":{"line":52,"column":65}},{"start":{},"end":{}}],"line":52},"6":{"loc":{"start":{"line":53,"column":6},"end":{"line":53,"column":70}},"type":"if","locations":[{"start":{"line":53,"column":6},"end":{"line":53,"column":70}},{"start":{},"end":{}}],"line":53},"7":{"loc":{"start":{"line":54,"column":6},"end":{"line":57,"column":7}},"type":"if","locations":[{"start":{"line":54,"column":6},"end":{"line":57,"column":7}},{"start":{},"end":{}}],"line":54},"8":{"loc":{"start":{"line":54,"column":10},"end":{"line":54,"column":53}},"type":"binary-expr","locations":[{"start":{"line":54,"column":10},"end":{"line":54,"column":26}},{"start":{"line":54,"column":30},"end":{"line":54,"column":53}}],"line":54},"9":{"loc":{"start":{"line":56,"column":6},"end":{"line":56,"column":64}},"type":"if","locations":[{"start":{"line":56,"column":6},"end":{"line":56,"column":64}},{"start":{},"end":{}}],"line":56},"10":{"loc":{"start":{"line":58,"column":6},"end":{"line":58,"column":67}},"type":"if","locations":[{"start":{"line":58,"column":6},"end":{"line":58,"column":67}},{"start":{},"end":{}}],"line":58},"11":{"loc":{"start":{"line":59,"column":6},"end":{"line":59,"column":65}},"type":"if","locations":[{"start":{"line":59,"column":6},"end":{"line":59,"column":65}},{"start":{},"end":{}}],"line":59},"12":{"loc":{"start":{"line":66,"column":21},"end":{"line":66,"column":58}},"type":"binary-expr","locations":[{"start":{"line":66,"column":21},"end":{"line":66,"column":39}},{"start":{"line":66,"column":48},"end":{"line":66,"column":58}}],"line":66},"13":{"loc":{"start":{"line":67,"column":21},"end":{"line":67,"column":50}},"type":"binary-expr","locations":[{"start":{"line":67,"column":21},"end":{"line":67,"column":44}},{"start":{"line":67,"column":48},"end":{"line":67,"column":50}}],"line":67},"14":{"loc":{"start":{"line":68,"column":21},"end":{"line":68,"column":58}},"type":"binary-expr","locations":[{"start":{"line":68,"column":21},"end":{"line":68,"column":44}},{"start":{"line":68,"column":48},"end":{"line":68,"column":58}}],"line":68},"15":{"loc":{"start":{"line":69,"column":21},"end":{"line":69,"column":57}},"type":"binary-expr","locations":[{"start":{"line":69,"column":21},"end":{"line":69,"column":41}},{"start":{"line":69,"column":48},"end":{"line":69,"column":57}}],"line":69},"16":{"loc":{"start":{"line":70,"column":21},"end":{"line":70,"column":55}},"type":"binary-expr","locations":[{"start":{"line":70,"column":21},"end":{"line":70,"column":39}},{"start":{"line":70,"column":48},"end":{"line":70,"column":55}}],"line":70},"17":{"loc":{"start":{"line":87,"column":4},"end":{"line":89,"column":5}},"type":"if","locations":[{"start":{"line":87,"column":4},"end":{"line":89,"column":5}},{"start":{},"end":{}}],"line":87}},"s":{"0":4,"1":4,"2":4,"3":4,"4":1,"5":1,"6":1,"7":0,"8":1,"9":0,"10":0,"11":4,"12":4,"13":4,"14":4,"15":4,"16":4,"17":4,"18":4,"19":4,"20":4,"21":3,"22":3,"23":3,"24":3,"25":2,"26":3,"27":0,"28":0,"29":0,"30":3,"31":3,"32":3,"33":3,"34":3,"35":4,"36":4,"37":0,"38":0,"39":0,"40":0,"41":4,"42":0,"43":0,"44":0,"45":0,"46":0,"47":4},"f":{"0":1,"1":4,"2":0},"b":{"0":[0,1],"1":[4,0],"2":[4,0],"3":[3,1],"4":[4,1,1,1,1],"5":[3,0],"6":[2,1],"7":[0,3],"8":[3,0],"9":[0,0],"10":[3,0],"11":[3,0],"12":[3,0],"13":[3,1],"14":[3,3],"15":[3,0],"16":[3,0],"17":[0,0]},"_coverageSchema":"1a1c01bbd47fc00a2c39e90264f33305004495a9","hash":"a58590c0d7b261e99c79ad4df5747ad07fb78b6e"}
,"C:\\Users\\samsf\\Documents\\pasapasfrance\\backend\\src\\middlewares\\auth.middleware.js": {"path":"C:\\Users\\samsf\\Documents\\pasapasfrance\\backend\\src\\middlewares\\auth.middleware.js","statementMap":{"0":{"start":{"line":1,"column":12},"end":{"line":1,"column":35}},"1":{"start":{"line":4,"column":23},"end":{"line":22,"column":1}},"2":{"start":{"line":5,"column":2},"end":{"line":21,"column":3}},"3":{"start":{"line":6,"column":19},"end":{"line":6,"column":44}},"4":{"start":{"line":7,"column":4},"end":{"line":9,"column":5}},"5":{"start":{"line":8,"column":6},"end":{"line":8,"column":75}},"6":{"start":{"line":11,"column":18},"end":{"line":11,"column":38}},"7":{"start":{"line":12,"column":20},"end":{"line":12,"column":61}},"8":{"start":{"line":14,"column":4},"end":{"line":14,"column":31}},"9":{"start":{"line":15,"column":4},"end":{"line":15,"column":10}},"10":{"start":{"line":17,"column":4},"end":{"line":19,"column":5}},"11":{"start":{"line":18,"column":6},"end":{"line":18,"column":88}},"12":{"start":{"line":20,"column":4},"end":{"line":20,"column":61}},"13":{"start":{"line":24,"column":0},"end":{"line":24,"column":31}}},"fnMap":{"0":{"name":"(anonymous_0)","decl":{"start":{"line":4,"column":23},"end":{"line":4,"column":24}},"loc":{"start":{"line":4,"column":43},"end":{"line":22,"column":1}},"line":4}},"branchMap":{"0":{"loc":{"start":{"line":7,"column":4},"end":{"line":9,"column":5}},"type":"if","locations":[{"start":{"line":7,"column":4},"end":{"line":9,"column":5}},{"start":{},"end":{}}],"line":7},"1":{"loc":{"start":{"line":7,"column":8},"end":{"line":7,"column":48}},"type":"binary-expr","locations":[{"start":{"line":7,"column":8},"end":{"line":7,"column":15}},{"start":{"line":7,"column":19},"end":{"line":7,"column":48}}],"line":7},"2":{"loc":{"start":{"line":17,"column":4},"end":{"line":19,"column":5}},"type":"if","locations":[{"start":{"line":17,"column":4},"end":{"line":19,"column":5}},{"start":{},"end":{}}],"line":17}},"s":{"0":4,"1":4,"2":19,"3":19,"4":19,"5":6,"6":13,"7":13,"8":12,"9":12,"10":1,"11":0,"12":1,"13":4},"f":{"0":19},"b":{"0":[6,13],"1":[19,13],"2":[0,1]},"_coverageSchema":"1a1c01bbd47fc00a2c39e90264f33305004495a9","hash":"d2836ba5b2948201d2400e3a32a6a9af9fbd9e56"}
,"C:\\Users\\samsf\\Documents\\pasapasfrance\\backend\\src\\routes\\index.js": {"path":"C:\\Users\\samsf\\Documents\\pasapasfrance\\backend\\src\\routes\\index.js","statementMap":{"0":{"start":{"line":1,"column":17},"end":{"line":1,"column":35}},"1":{"start":{"line":2,"column":17},"end":{"line":2,"column":58}},"2":{"start":{"line":4,"column":18},"end":{"line":4,"column":59}},"3":{"start":{"line":5,"column":18},"end":{"line":5,"column":59}},"4":{"start":{"line":6,"column":20},"end":{"line":6,"column":64}},"5":{"start":{"line":7,"column":18},"end":{"line":7,"column":59}},"6":{"start":{"line":8,"column":65},"end":{"line":8,"column":110}},"7":{"start":{"line":9,"column":18},"end":{"line":9,"column":67}},"8":{"start":{"line":10,"column":18},"end":{"line":10,"column":60}},"9":{"start":{"line":11,"column":18},"end":{"line":14,"column":1}},"10":{"start":{"line":12,"column":2},"end":{"line":12,"column":89}},"11":{"start":{"line":12,"column":34},"end":{"line":12,"column":89}},"12":{"start":{"line":13,"column":2},"end":{"line":13,"column":8}},"13":{"start":{"line":16,"column":15},"end":{"line":16,"column":31}},"14":{"start":{"line":19,"column":0},"end":{"line":19,"column":48}},"15":{"start":{"line":20,"column":0},"end":{"line":20,"column":45}},"16":{"start":{"line":21,"column":0},"end":{"line":21,"column":47}},"17":{"start":{"line":24,"column":0},"end":{"line":24,"column":48}},"18":{"start":{"line":25,"column":0},"end":{"line":25,"column":51}},"19":{"start":{"line":26,"column":0},"end":{"line":26,"column":51}},"20":{"start":{"line":29,"column":0},"end":{"line":29,"column":61}},"21":{"start":{"line":30,"column":0},"end":{"line":30,"column":63}},"22":{"start":{"line":33,"column":0},"end":{"line":33,"column":57}},"23":{"start":{"line":34,"column":0},"end":{"line":34,"column":56}},"24":{"start":{"line":35,"column":0},"end":{"line":35,"column":65}},"25":{"start":{"line":38,"column":0},"end":{"line":38,"column":51}},"26":{"start":{"line":39,"column":0},"end":{"line":39,"column":79}},"27":{"start":{"line":40,"column":0},"end":{"line":40,"column":53}},"28":{"start":{"line":43,"column":0},"end":{"line":43,"column":71}},"29":{"start":{"line":44,"column":0},"end":{"line":44,"column":66}},"30":{"start":{"line":45,"column":0},"end":{"line":45,"column":63}},"31":{"start":{"line":48,"column":0},"end":{"line":48,"column":73}},"32":{"start":{"line":49,"column":0},"end":{"line":49,"column":73}},"33":{"start":{"line":50,"column":0},"end":{"line":50,"column":75}},"34":{"start":{"line":51,"column":0},"end":{"line":51,"column":73}},"35":{"start":{"line":52,"column":0},"end":{"line":52,"column":75}},"36":{"start":{"line":53,"column":0},"end":{"line":53,"column":75}},"37":{"start":{"line":54,"column":0},"end":{"line":54,"column":75}},"38":{"start":{"line":56,"column":0},"end":{"line":56,"column":23}}},"fnMap":{"0":{"name":"(anonymous_0)","decl":{"start":{"line":11,"column":18},"end":{"line":11,"column":19}},"loc":{"start":{"line":11,"column":38},"end":{"line":14,"column":1}},"line":11}},"branchMap":{"0":{"loc":{"start":{"line":12,"column":2},"end":{"line":12,"column":89}},"type":"if","locations":[{"start":{"line":12,"column":2},"end":{"line":12,"column":89}},{"start":{},"end":{}}],"line":12}},"s":{"0":4,"1":4,"2":4,"3":4,"4":4,"5":4,"6":4,"7":4,"8":4,"9":4,"10":0,"11":0,"12":0,"13":4,"14":4,"15":4,"16":4,"17":4,"18":4,"19":4,"20":4,"21":4,"22":4,"23":4,"24":4,"25":4,"26":4,"27":4,"28":4,"29":4,"30":4,"31":4,"32":4,"33":4,"34":4,"35":4,"36":4,"37":4,"38":4},"f":{"0":0},"b":{"0":[0,0]},"_coverageSchema":"1a1c01bbd47fc00a2c39e90264f33305004495a9","hash":"e0f78e4146ec322840e63e990e78719aa1d75b6e"}
,"C:\\Users\\samsf\\Documents\\pasapasfrance\\backend\\src\\utils\\prisma.js": {"path":"C:\\Users\\samsf\\Documents\\pasapasfrance\\backend\\src\\utils\\prisma.js","statementMap":{"0":{"start":{"line":1,"column":25},"end":{"line":1,"column":50}},"1":{"start":{"line":3,"column":15},"end":{"line":5,"column":2}},"2":{"start":{"line":7,"column":0},"end":{"line":7,"column":23}}},"fnMap":{},"branchMap":{"0":{"loc":{"start":{"line":4,"column":7},"end":{"line":4,"column":78}},"type":"cond-expr","locations":[{"start":{"line":4,"column":48},"end":{"line":4,"column":66}},{"start":{"line":4,"column":69},"end":{"line":4,"column":78}}],"line":4}},"s":{"0":4,"1":4,"2":4},"f":{},"b":{"0":[0,4]},"_coverageSchema":"1a1c01bbd47fc00a2c39e90264f33305004495a9","hash":"265f8c4607ba50ef7dfe88e6b369ae7e6104ad30"}
}
