TN:
SF:src\app.js
FNF:0
FNH:0
DA:1,4
DA:2,4
DA:3,4
DA:4,4
DA:5,4
DA:7,4
DA:9,4
DA:10,4
DA:11,4
DA:12,4
DA:13,4
DA:14,4
DA:16,4
LF:13
LH:13
BRDA:10,0,0,4
BRDA:10,0,1,0
BRF:2
BRH:1
end_of_record
TN:
SF:src\controllers\admin.controller.js
FN:4,(anonymous_0)
FN:24,(anonymous_1)
FN:37,(anonymous_2)
FN:48,(anonymous_3)
FN:60,(anonymous_4)
FN:73,(anonymous_5)
FN:88,(anonymous_6)
FNF:7
FNH:0
FNDA:0,(anonymous_0)
FNDA:0,(anonymous_1)
FNDA:0,(anonymous_2)
FNDA:0,(anonymous_3)
FNDA:0,(anonymous_4)
FNDA:0,(anonymous_5)
FNDA:0,(anonymous_6)
DA:1,4
DA:4,4
DA:5,0
DA:6,0
DA:17,0
DA:19,0
DA:24,4
DA:25,0
DA:26,0
DA:30,0
DA:32,0
DA:37,4
DA:38,0
DA:39,0
DA:40,0
DA:41,0
DA:43,0
DA:48,4
DA:49,0
DA:50,0
DA:53,0
DA:55,0
DA:60,4
DA:61,0
DA:62,0
DA:63,0
DA:66,0
DA:68,0
DA:73,4
DA:74,0
DA:75,0
DA:76,0
DA:77,0
DA:81,0
DA:83,0
DA:88,4
DA:89,0
DA:90,0
DA:91,0
DA:92,0
DA:94,0
DA:98,4
LF:42
LH:9
BRF:0
BRH:0
end_of_record
TN:
SF:src\controllers\auth.controller.js
FN:18,(anonymous_0)
FN:33,(anonymous_1)
FN:70,(anonymous_2)
FN:104,(anonymous_3)
FNF:4
FNH:4
FNDA:6,(anonymous_0)
FNDA:7,(anonymous_1)
FNDA:3,(anonymous_2)
FNDA:3,(anonymous_3)
DA:1,4
DA:2,4
DA:3,4
DA:4,4
DA:6,4
DA:13,4
DA:18,4
DA:19,6
DA:24,6
DA:29,6
DA:33,4
DA:34,7
DA:35,7
DA:37,5
DA:38,5
DA:39,1
DA:42,4
DA:44,4
DA:58,4
DA:59,4
DA:61,2
DA:62,2
DA:64,0
DA:65,0
DA:70,4
DA:71,3
DA:72,3
DA:74,3
DA:75,3
DA:76,1
DA:79,2
DA:80,2
DA:81,1
DA:84,1
DA:92,1
DA:93,1
DA:95,0
DA:96,0
DA:98,0
DA:99,0
DA:104,4
DA:105,3
DA:106,3
DA:107,3
DA:108,1
DA:110,2
DA:111,1
DA:112,1
DA:114,1
DA:118,4
LF:50
LH:44
BRDA:22,0,0,6
BRDA:22,0,1,0
BRDA:27,1,0,6
BRDA:27,1,1,0
BRDA:38,2,0,1
BRDA:38,2,1,4
BRDA:49,3,0,4
BRDA:49,3,1,4
BRDA:61,4,0,2
BRDA:61,4,1,0
BRDA:75,5,0,1
BRDA:75,5,1,2
BRDA:80,6,0,1
BRDA:80,6,1,1
BRDA:95,7,0,0
BRDA:95,7,1,0
BRDA:107,8,0,1
BRDA:107,8,1,2
BRF:18
BRH:13
end_of_record
TN:
SF:src\controllers\document.controller.js
FN:8,(anonymous_0)
FN:13,(anonymous_1)
FN:19,(anonymous_2)
FN:35,(anonymous_3)
FN:56,(anonymous_4)
FN:84,(anonymous_5)
FNF:6
FNH:0
FNDA:0,(anonymous_0)
FNDA:0,(anonymous_1)
FNDA:0,(anonymous_2)
FNDA:0,(anonymous_3)
FNDA:0,(anonymous_4)
FNDA:0,(anonymous_5)
DA:1,4
DA:2,4
DA:3,4
DA:4,4
DA:7,4
DA:9,0
DA:10,0
DA:11,0
DA:14,0
DA:15,0
DA:19,4
DA:20,0
DA:21,0
DA:22,0
DA:24,0
DA:28,4
DA:35,4
DA:36,0
DA:37,0
DA:39,0
DA:48,0
DA:50,0
DA:51,0
DA:56,4
DA:57,0
DA:58,0
DA:59,0
DA:62,0
DA:64,0
DA:76,0
DA:78,0
DA:79,0
DA:84,4
DA:85,0
DA:86,0
DA:88,0
DA:91,0
DA:94,0
DA:95,0
DA:98,0
DA:100,0
DA:102,0
DA:103,0
DA:107,4
LF:44
LH:11
BRDA:9,0,0,0
BRDA:9,0,1,0
BRDA:10,1,0,0
BRDA:10,1,1,0
BRDA:21,2,0,0
BRDA:21,2,1,0
BRDA:31,3,0,4
BRDA:31,3,1,4
BRDA:42,4,0,0
BRDA:42,4,1,0
BRDA:58,5,0,0
BRDA:58,5,1,0
BRDA:66,6,0,0
BRDA:66,6,1,0
BRDA:72,7,0,0
BRDA:72,7,1,0
BRDA:91,8,0,0
BRDA:91,8,1,0
BRDA:94,9,0,0
BRDA:94,9,1,0
BRDA:94,10,0,0
BRDA:94,10,1,0
BRF:22
BRH:2
end_of_record
TN:
SF:src\controllers\journey.controller.js
FN:5,(anonymous_0)
FN:75,(anonymous_1)
FN:82,(anonymous_2)
FN:92,(anonymous_3)
FNF:4
FNH:4
FNDA:2,(anonymous_0)
FNDA:9,(anonymous_1)
FNDA:5,(anonymous_2)
FNDA:1,(anonymous_3)
DA:1,4
DA:5,4
DA:6,2
DA:8,2
DA:11,2
DA:12,0
DA:16,2
DA:28,2
DA:29,2
DA:32,2
DA:37,2
DA:38,2
DA:40,9
DA:42,9
DA:51,9
DA:52,35
DA:61,9
DA:65,2
DA:73,2
DA:75,9
DA:82,5
DA:86,0
DA:87,0
DA:92,4
DA:93,1
DA:94,1
DA:107,1
DA:111,1
DA:113,0
DA:114,0
DA:118,4
LF:31
LH:26
BRDA:11,0,0,0
BRDA:11,0,1,2
BRDA:40,1,0,4
BRDA:40,1,1,5
BRF:4
BRH:3
end_of_record
TN:
SF:src\controllers\notification.controller.js
FN:4,(anonymous_0)
FN:18,(anonymous_1)
FN:31,(anonymous_2)
FNF:3
FNH:0
FNDA:0,(anonymous_0)
FNDA:0,(anonymous_1)
FNDA:0,(anonymous_2)
DA:1,4
DA:4,4
DA:5,0
DA:6,0
DA:11,0
DA:13,0
DA:18,4
DA:19,0
DA:20,0
DA:24,0
DA:26,0
DA:31,4
DA:32,0
DA:33,0
DA:37,0
DA:39,0
DA:43,4
LF:17
LH:5
BRF:0
BRH:0
end_of_record
TN:
SF:src\controllers\step.controller.js
FN:4,(anonymous_0)
FN:42,(anonymous_1)
FN:52,(anonymous_2)
FN:53,(anonymous_3)
FN:69,(anonymous_4)
FN:101,(anonymous_5)
FN:105,(anonymous_6)
FN:106,(anonymous_7)
FN:117,(anonymous_8)
FN:178,calculerProgression
FN:180,(anonymous_10)
FN:184,debloquerDependances
FN:197,(anonymous_12)
FN:224,recalculerJourney
FN:226,(anonymous_14)
FNF:15
FNH:7
FNDA:3,(anonymous_0)
FNDA:11,(anonymous_1)
FNDA:6,(anonymous_2)
FNDA:42,(anonymous_3)
FNDA:0,(anonymous_4)
FNDA:0,(anonymous_5)
FNDA:0,(anonymous_6)
FNDA:0,(anonymous_7)
FNDA:1,(anonymous_8)
FNDA:11,calculerProgression
FNDA:42,(anonymous_10)
FNDA:0,debloquerDependances
FNDA:0,(anonymous_12)
FNDA:0,recalculerJourney
FNDA:0,(anonymous_14)
DA:1,4
DA:4,4
DA:5,3
DA:6,3
DA:8,3
DA:9,3
DA:10,3
DA:13,3
DA:14,3
DA:15,1
DA:21,3
DA:23,3
DA:42,11
DA:52,6
DA:53,42
DA:61,3
DA:63,0
DA:64,0
DA:69,4
DA:70,0
DA:71,0
DA:73,0
DA:87,0
DA:88,0
DA:91,0
DA:101,0
DA:106,0
DA:107,0
DA:111,0
DA:112,0
DA:117,4
DA:118,1
DA:119,1
DA:120,1
DA:122,1
DA:123,1
DA:127,0
DA:131,0
DA:132,0
DA:136,0
DA:145,0
DA:149,0
DA:150,0
DA:152,0
DA:153,0
DA:155,0
DA:161,0
DA:162,0
DA:166,0
DA:168,0
DA:170,0
DA:172,0
DA:173,0
DA:179,11
DA:180,42
DA:181,11
DA:186,0
DA:190,0
DA:192,0
DA:196,0
DA:198,0
DA:201,0
DA:205,0
DA:206,0
DA:212,0
DA:213,0
DA:225,0
DA:226,0
DA:227,0
DA:229,0
DA:235,4
LF:71
LH:27
BRDA:9,0,0,0
BRDA:9,0,1,3
BRDA:10,1,0,0
BRDA:10,1,1,3
BRDA:14,2,0,1
BRDA:14,2,1,2
BRDA:21,3,0,0
BRDA:21,3,1,3
BRDA:26,4,0,0
BRDA:26,4,1,3
BRDA:27,5,0,1
BRDA:27,5,1,2
BRDA:57,6,0,42
BRDA:57,6,1,0
BRDA:87,7,0,0
BRDA:87,7,1,0
BRDA:107,8,0,0
BRDA:107,8,1,0
BRDA:122,9,0,1
BRDA:122,9,1,0
BRDA:122,10,0,1
BRDA:122,10,1,0
BRDA:131,11,0,0
BRDA:131,11,1,0
BRDA:152,12,0,0
BRDA:152,12,1,0
BRDA:153,13,0,0
BRDA:153,13,1,0
BRDA:161,14,0,0
BRDA:161,14,1,0
BRDA:170,15,0,0
BRDA:170,15,1,0
BRDA:179,16,0,0
BRDA:179,16,1,11
BRDA:179,17,0,11
BRDA:179,17,1,11
BRDA:205,18,0,0
BRDA:205,18,1,0
BRF:38
BRH:14
end_of_record
TN:
SF:src\controllers\user.controller.js
FN:15,(anonymous_0)
FN:34,(anonymous_1)
FN:96,(anonymous_2)
FNF:3
FNH:2
FNDA:1,(anonymous_0)
FNDA:4,(anonymous_1)
FNDA:0,(anonymous_2)
DA:1,4
DA:2,4
DA:4,4
DA:15,4
DA:16,1
DA:17,1
DA:25,1
DA:26,1
DA:28,0
DA:29,0
DA:34,4
DA:35,4
DA:36,4
DA:39,4
DA:40,4
DA:41,4
DA:43,4
DA:50,4
DA:51,3
DA:52,3
DA:53,3
DA:54,3
DA:55,0
DA:56,0
DA:58,3
DA:59,3
DA:61,3
DA:77,4
DA:85,4
DA:87,0
DA:88,0
DA:90,0
DA:91,0
DA:96,4
DA:97,0
DA:98,0
DA:99,0
DA:101,0
DA:102,0
DA:106,4
LF:40
LH:27
BRDA:25,0,0,0
BRDA:25,0,1,1
BRDA:40,1,0,4
BRDA:40,1,1,0
BRDA:41,2,0,4
BRDA:41,2,1,0
BRDA:50,3,0,3
BRDA:50,3,1,1
BRDA:50,4,0,4
BRDA:50,4,1,1
BRDA:50,4,2,1
BRDA:50,4,3,1
BRDA:50,4,4,1
BRDA:52,5,0,3
BRDA:52,5,1,0
BRDA:53,6,0,2
BRDA:53,6,1,1
BRDA:54,7,0,0
BRDA:54,7,1,3
BRDA:54,8,0,3
BRDA:54,8,1,0
BRDA:56,9,0,0
BRDA:56,9,1,0
BRDA:58,10,0,3
BRDA:58,10,1,0
BRDA:59,11,0,3
BRDA:59,11,1,0
BRDA:66,12,0,3
BRDA:66,12,1,0
BRDA:67,13,0,3
BRDA:67,13,1,1
BRDA:68,14,0,3
BRDA:68,14,1,3
BRDA:69,15,0,3
BRDA:69,15,1,0
BRDA:70,16,0,3
BRDA:70,16,1,0
BRDA:87,17,0,0
BRDA:87,17,1,0
BRF:39
BRH:24
end_of_record
TN:
SF:src\middlewares\auth.middleware.js
FN:4,(anonymous_0)
FNF:1
FNH:1
FNDA:19,(anonymous_0)
DA:1,4
DA:4,4
DA:5,19
DA:6,19
DA:7,19
DA:8,6
DA:11,13
DA:12,13
DA:14,12
DA:15,12
DA:17,1
DA:18,0
DA:20,1
DA:24,4
LF:14
LH:13
BRDA:7,0,0,6
BRDA:7,0,1,13
BRDA:7,1,0,19
BRDA:7,1,1,13
BRDA:17,2,0,0
BRDA:17,2,1,1
BRF:6
BRH:5
end_of_record
TN:
SF:src\routes\index.js
FN:11,(anonymous_0)
FNF:1
FNH:0
FNDA:0,(anonymous_0)
DA:1,4
DA:2,4
DA:4,4
DA:5,4
DA:6,4
DA:7,4
DA:8,4
DA:9,4
DA:10,4
DA:11,4
DA:12,0
DA:13,0
DA:16,4
DA:19,4
DA:20,4
DA:21,4
DA:24,4
DA:25,4
DA:26,4
DA:29,4
DA:30,4
DA:33,4
DA:34,4
DA:35,4
DA:38,4
DA:39,4
DA:40,4
DA:43,4
DA:44,4
DA:45,4
DA:48,4
DA:49,4
DA:50,4
DA:51,4
DA:52,4
DA:53,4
DA:54,4
DA:56,4
LF:38
LH:36
BRDA:12,0,0,0
BRDA:12,0,1,0
BRF:2
BRH:0
end_of_record
TN:
SF:src\utils\prisma.js
FNF:0
FNH:0
DA:1,4
DA:3,4
DA:7,4
LF:3
LH:3
BRDA:4,0,0,0
BRDA:4,0,1,4
BRF:2
BRH:1
end_of_record
